<?xml version="1.0" encoding="UTF-8"?>
<testsuite xmlns:xsi="http://www.w3.org/2001/XMLSchema-instance" xsi:noNamespaceSchemaLocation="https://maven.apache.org/surefire/maven-surefire-plugin/xsd/surefire-test-report.xsd" name="com.ttn.blog.ByPathServletTest" time="0.048" tests="1" errors="0" skipped="0" failures="0">
  <properties>
    <property name="sun.desktop" value="gnome"/>
    <property name="awt.toolkit" value="sun.awt.X11.XToolkit"/>
    <property name="file.encoding.pkg" value="sun.io"/>
    <property name="java.specification.version" value="1.8"/>
    <property name="sun.cpu.isalist" value=""/>
    <property name="sun.jnu.encoding" value="UTF-8"/>
    <property name="java.class.path" value="/home/vaibhav/projects/blog-app/target/test-classes:/home/vaibhav/projects/blog-app/target/classes:/home/vaibhav/.m2/repository/org/hamcrest/hamcrest-all/1.3/hamcrest-all-1.3.jar:/home/vaibhav/.m2/repository/org/apache/ant/ant/1.8.2/ant-1.8.2.jar:/home/vaibhav/.m2/repository/org/apache/ant/ant-launcher/1.8.2/ant-launcher-1.8.2.jar:/home/vaibhav/.m2/repository/javax/servlet/servlet-api/3.0-alpha-1/servlet-api-3.0-alpha-1.jar:/home/vaibhav/.m2/repository/org/osgi/org.osgi.compendium/5.0.0/org.osgi.compendium-5.0.0.jar:/home/vaibhav/.m2/repository/org/osgi/org.osgi.core/5.0.0/org.osgi.core-5.0.0.jar:/home/vaibhav/.m2/repository/javax/jcr/jcr/2.0/jcr-2.0.jar:/home/vaibhav/.m2/repository/org/apache/sling/org.apache.sling.api/2.16.2/org.apache.sling.api-2.16.2.jar:/home/vaibhav/.m2/repository/org/bouncycastle/bcprov-jdk16/1.44/bcprov-jdk16-1.44.jar:/home/vaibhav/.m2/repository/org/bouncycastle/bctsp-jdk16/1.46/bctsp-jdk16-1.46.jar:/home/vaibhav/.m2/repository/org/bouncycastle/bcmail-jdk16/1.46/bcmail-jdk16-1.46.jar:/home/vaibhav/.m2/repository/org/slf4j/slf4j-api/1.7.6/slf4j-api-1.7.6.jar:/home/vaibhav/.m2/repository/com/itextpdf/itextpdf/5.0.6/itextpdf-5.0.6.jar:/home/vaibhav/.m2/repository/org/bouncycastle/bcmail-jdk14/1.38/bcmail-jdk14-1.38.jar:/home/vaibhav/.m2/repository/org/bouncycastle/bcprov-jdk14/1.38/bcprov-jdk14-1.38.jar:/home/vaibhav/.m2/repository/org/bouncycastle/bctsp-jdk14/1.38/bctsp-jdk14-1.38.jar:/home/vaibhav/.m2/repository/org/apache/felix/org.apache.felix.scr.annotations/1.12.0/org.apache.felix.scr.annotations-1.12.0.jar:/home/vaibhav/.m2/repository/junit/junit/4.12/junit-4.12.jar:/home/vaibhav/.m2/repository/org/hamcrest/hamcrest-core/1.3/hamcrest-core-1.3.jar:"/>
    <property name="java.vm.vendor" value="Oracle Corporation"/>
    <property name="sun.arch.data.model" value="64"/>
    <property name="java.vendor.url" value="http://java.oracle.com/"/>
    <property name="user.timezone" value=""/>
    <property name="java.vm.specification.version" value="1.8"/>
    <property name="os.name" value="Linux"/>
    <property name="user.country" value="IN"/>
    <property name="sun.java.launcher" value="SUN_STANDARD"/>
    <property name="sun.boot.library.path" value="/usr/java/jdk1.8.0_161/jre/lib/amd64"/>
    <property name="sun.java.command" value="/home/vaibhav/projects/blog-app/target/surefire/surefirebooter5500198771857886384.jar /home/vaibhav/projects/blog-app/target/surefire 2018-03-15T14-01-36_447-jvmRun1 surefire3577392938825979341tmp surefire_08163529553172012802tmp"/>
    <property name="surefire.test.class.path" value="/home/vaibhav/projects/blog-app/target/test-classes:/home/vaibhav/projects/blog-app/target/classes:/home/vaibhav/.m2/repository/org/hamcrest/hamcrest-all/1.3/hamcrest-all-1.3.jar:/home/vaibhav/.m2/repository/org/apache/ant/ant/1.8.2/ant-1.8.2.jar:/home/vaibhav/.m2/repository/org/apache/ant/ant-launcher/1.8.2/ant-launcher-1.8.2.jar:/home/vaibhav/.m2/repository/javax/servlet/servlet-api/3.0-alpha-1/servlet-api-3.0-alpha-1.jar:/home/vaibhav/.m2/repository/org/osgi/org.osgi.compendium/5.0.0/org.osgi.compendium-5.0.0.jar:/home/vaibhav/.m2/repository/org/osgi/org.osgi.core/5.0.0/org.osgi.core-5.0.0.jar:/home/vaibhav/.m2/repository/javax/jcr/jcr/2.0/jcr-2.0.jar:/home/vaibhav/.m2/repository/org/apache/sling/org.apache.sling.api/2.16.2/org.apache.sling.api-2.16.2.jar:/home/vaibhav/.m2/repository/org/bouncycastle/bcprov-jdk16/1.44/bcprov-jdk16-1.44.jar:/home/vaibhav/.m2/repository/org/bouncycastle/bctsp-jdk16/1.46/bctsp-jdk16-1.46.jar:/home/vaibhav/.m2/repository/org/bouncycastle/bcmail-jdk16/1.46/bcmail-jdk16-1.46.jar:/home/vaibhav/.m2/repository/org/slf4j/slf4j-api/1.7.6/slf4j-api-1.7.6.jar:/home/vaibhav/.m2/repository/com/itextpdf/itextpdf/5.0.6/itextpdf-5.0.6.jar:/home/vaibhav/.m2/repository/org/bouncycastle/bcmail-jdk14/1.38/bcmail-jdk14-1.38.jar:/home/vaibhav/.m2/repository/org/bouncycastle/bcprov-jdk14/1.38/bcprov-jdk14-1.38.jar:/home/vaibhav/.m2/repository/org/bouncycastle/bctsp-jdk14/1.38/bctsp-jdk14-1.38.jar:/home/vaibhav/.m2/repository/org/apache/felix/org.apache.felix.scr.annotations/1.12.0/org.apache.felix.scr.annotations-1.12.0.jar:/home/vaibhav/.m2/repository/junit/junit/4.12/junit-4.12.jar:/home/vaibhav/.m2/repository/org/hamcrest/hamcrest-core/1.3/hamcrest-core-1.3.jar:"/>
    <property name="sun.cpu.endian" value="little"/>
    <property name="user.home" value="/home/vaibhav"/>
    <property name="user.language" value="en"/>
    <property name="java.specification.vendor" value="Oracle Corporation"/>
    <property name="java.home" value="/usr/java/jdk1.8.0_161/jre"/>
    <property name="basedir" value="/home/vaibhav/projects/blog-app"/>
    <property name="file.separator" value="/"/>
    <property name="line.separator" value="&#10;"/>
    <property name="java.vm.specification.vendor" value="Oracle Corporation"/>
    <property name="java.specification.name" value="Java Platform API Specification"/>
    <property name="java.awt.graphicsenv" value="sun.awt.X11GraphicsEnvironment"/>
    <property name="surefire.real.class.path" value="/home/vaibhav/projects/blog-app/target/surefire/surefirebooter5500198771857886384.jar"/>
    <property name="sun.boot.class.path" value="/usr/java/jdk1.8.0_161/jre/lib/resources.jar:/usr/java/jdk1.8.0_161/jre/lib/rt.jar:/usr/java/jdk1.8.0_161/jre/lib/sunrsasign.jar:/usr/java/jdk1.8.0_161/jre/lib/jsse.jar:/usr/java/jdk1.8.0_161/jre/lib/jce.jar:/usr/java/jdk1.8.0_161/jre/lib/charsets.jar:/usr/java/jdk1.8.0_161/jre/lib/jfr.jar:/usr/java/jdk1.8.0_161/jre/classes"/>
    <property name="sun.management.compiler" value="HotSpot 64-Bit Tiered Compilers"/>
    <property name="java.runtime.version" value="1.8.0_161-b12"/>
    <property name="user.name" value="vaibhav"/>
    <property name="path.separator" value=":"/>
    <property name="os.version" value="4.4.0-116-generic"/>
    <property name="java.endorsed.dirs" value="/usr/java/jdk1.8.0_161/jre/lib/endorsed"/>
    <property name="java.runtime.name" value="Java(TM) SE Runtime Environment"/>
    <property name="file.encoding" value="UTF-8"/>
    <property name="java.vm.name" value="Java HotSpot(TM) 64-Bit Server VM"/>
    <property name="localRepository" value="/home/vaibhav/.m2/repository"/>
    <property name="java.vendor.url.bug" value="http://bugreport.sun.com/bugreport/"/>
    <property name="java.io.tmpdir" value="/tmp"/>
    <property name="java.version" value="1.8.0_161"/>
    <property name="user.dir" value="/home/vaibhav/projects/blog-app"/>
    <property name="os.arch" value="amd64"/>
    <property name="java.vm.specification.name" value="Java Virtual Machine Specification"/>
    <property name="java.awt.printerjob" value="sun.print.PSPrinterJob"/>
    <property name="sun.os.patch.level" value="unknown"/>
    <property name="java.library.path" value="/usr/java/packages/lib/amd64:/usr/lib64:/lib64:/lib:/usr/lib"/>
    <property name="java.vm.info" value="mixed mode"/>
    <property name="java.vendor" value="Oracle Corporation"/>
    <property name="java.vm.version" value="25.161-b12"/>
    <property name="java.ext.dirs" value="/usr/java/jdk1.8.0_161/jre/lib/ext:/usr/java/packages/lib/ext"/>
    <property name="sun.io.unicode.encoding" value="UnicodeLittle"/>
    <property name="java.class.version" value="52.0"/>
  </properties>
  <testcase name="testByPathServlet" classname="com.ttn.blog.ByPathServletTest" time="0.002"/>
</testsuite>